RUN	floodIO.Challenge	challenge	1645179231572	 	3.7.4
USER	challenge.flood.io	START	1645179232946
REQUEST		Get home page	1645179232971	1645179233931	OK	 
REQUEST		Start The Test	1645179235870	1645179236061	OK	 
REQUEST		Get Age Page	1645179236062	1645179236257	OK	 
REQUEST		Post Random Age	1645179238142	1645179238336	OK	 
REQUEST		Get Largest Order Value Page	1645179238337	1645179238534	OK	 
REQUEST		Post Largest Order Value	1645179240159	1645179240352	OK	 
REQUEST		Get Simple Step Page	1645179240353	1645179240547	OK	 
REQUEST		Click Next Button	1645179241997	1645179242189	OK	 
REQUEST		Get One Time Token Page	1645179242196	1645179242393	OK	 
REQUEST		Get token Response	1645179242197	1645179242946	OK	 
USER	challenge.flood.io	START	1645179244940
REQUEST		Post One Time Token	1645179244925	1645179245116	OK	 
REQUEST		Get Final Page	1645179245117	1645179245309	OK	 
USER	challenge.flood.io	END	1645179245312
REQUEST		Get home page	1645179244941	1645179245699	OK	 
REQUEST		Start The Test	1645179247546	1645179247737	OK	 
REQUEST		Get Age Page	1645179247738	1645179247932	OK	 
REQUEST		Post Random Age	1645179249609	1645179249799	OK	 
REQUEST		Get Largest Order Value Page	1645179249800	1645179249998	OK	 
REQUEST		Post Largest Order Value	1645179251446	1645179251638	OK	 
REQUEST		Get Simple Step Page	1645179251639	1645179251832	OK	 
REQUEST		Click Next Button	1645179253203	1645179253395	OK	 
REQUEST		Get One Time Token Page	1645179253396	1645179253589	OK	 
REQUEST		Get token Response	1645179253397	1645179254139	OK	 
REQUEST		Post One Time Token	1645179255881	1645179256071	OK	 
REQUEST		Get Final Page	1645179256072	1645179256262	OK	 
USER	challenge.flood.io	END	1645179256264
USER	challenge.flood.io	START	1645179256930
REQUEST		Get home page	1645179256931	1645179257789	OK	 
REQUEST		Start The Test	1645179259379	1645179259591	OK	 
REQUEST		Get Age Page	1645179259592	1645179259790	OK	 
REQUEST		Post Random Age	1645179261137	1645179261327	OK	 
REQUEST		Get Largest Order Value Page	1645179261328	1645179261526	OK	 
REQUEST		Post Largest Order Value	1645179263037	1645179263229	OK	 
REQUEST		Get Simple Step Page	1645179263230	1645179263423	OK	 
REQUEST		Click Next Button	1645179264481	1645179264671	OK	 
REQUEST		Get One Time Token Page	1645179264672	1645179264865	OK	 
REQUEST		Get token Response	1645179264673	1645179265421	OK	 
REQUEST		Post One Time Token	1645179267386	1645179267576	OK	 
REQUEST		Get Final Page	1645179267577	1645179267770	OK	 
USER	challenge.flood.io	END	1645179267771
USER	challenge.flood.io	START	1645179268941
REQUEST		Get home page	1645179268941	1645179269703	OK	 
REQUEST		Start The Test	1645179271161	1645179271351	OK	 
REQUEST		Get Age Page	1645179271352	1645179271547	OK	 
REQUEST		Post Random Age	1645179272700	1645179272891	OK	 
REQUEST		Get Largest Order Value Page	1645179272892	1645179273089	OK	 
REQUEST		Post Largest Order Value	1645179274294	1645179274484	OK	 
REQUEST		Get Simple Step Page	1645179274485	1645179274678	OK	 
REQUEST		Click Next Button	1645179276539	1645179276730	OK	 
REQUEST		Get One Time Token Page	1645179276731	1645179276923	OK	 
REQUEST		Get token Response	1645179276731	1645179277474	OK	 
REQUEST		Post One Time Token	1645179279294	1645179279483	OK	 
REQUEST		Get Final Page	1645179279484	1645179279674	OK	 
USER	challenge.flood.io	END	1645179279675
USER	challenge.flood.io	START	1645179280926
REQUEST		Get home page	1645179280926	1645179281689	OK	 
REQUEST		Start The Test	1645179283207	1645179283408	OK	 
REQUEST		Get Age Page	1645179283409	1645179283603	OK	 
REQUEST		Post Random Age	1645179284682	1645179284872	OK	 
REQUEST		Get Largest Order Value Page	1645179284873	1645179285070	OK	 
REQUEST		Post Largest Order Value	1645179286879	1645179287069	OK	 
REQUEST		Get Simple Step Page	1645179287070	1645179287262	OK	 
REQUEST		Click Next Button	1645179288307	1645179288497	OK	 
REQUEST		Get One Time Token Page	1645179288498	1645179288690	OK	 
REQUEST		Get token Response	1645179288498	1645179289244	OK	 
REQUEST		Post One Time Token	1645179290974	1645179291164	OK	 
REQUEST		Get Final Page	1645179291165	1645179291356	OK	 
USER	challenge.flood.io	END	1645179291357
